<?xml version="1.0" encoding="UTF-8"?>
<testsuite xmlns:xsi="http://www.w3.org/2001/XMLSchema-instance" xsi:noNamespaceSchemaLocation="https://maven.apache.org/surefire/maven-surefire-plugin/xsd/surefire-test-report.xsd" name="com.ontariotechu.sofe3980U.BinaryControllerTest" time="0.822" tests="27" errors="0" skipped="0" failures="0">
  <properties>
[...]
</properties>
  <testcase name="postParameterMultiply1" classname="com.ontariotechu.sofe3980U.BinaryControllerTest" time="0.295"/>
  <testcase name="postParameterMultiply2" classname="com.ontariotechu.sofe3980U.BinaryControllerTest" time="0.003"/>
  <testcase name="postParameterMultiply3" classname="com.ontariotechu.sofe3980U.BinaryControllerTest" time="0.002"/>
  <testcase name="postParameterMultiply4" classname="com.ontariotechu.sofe3980U.BinaryControllerTest" time="0.003"/>
  <testcase name="postParameterMultiply5" classname="com.ontariotechu.sofe3980U.BinaryControllerTest" time="0.002"/>
  <testcase name="getDefault" classname="com.ontariotechu.sofe3980U.BinaryControllerTest" time="0.02"/>
  <testcase name="postParameterOr1" classname="com.ontariotechu.sofe3980U.BinaryControllerTest" time="0.004"/>
  <testcase name="postParameterOr2" classname="com.ontariotechu.sofe3980U.BinaryControllerTest" time="0.003"/>
  <testcase name="postParameterOr3" classname="com.ontariotechu.sofe3980U.BinaryControllerTest" time="0.003"/>
  <testcase name="postParameterOr4" classname="com.ontariotechu.sofe3980U.BinaryControllerTest" time="0.003"/>
  <testcase name="postParameterOr5" classname="com.ontariotechu.sofe3980U.BinaryControllerTest" time="0.004"/>
  <testcase name="postParameterAdd1" classname="com.ontariotechu.sofe3980U.BinaryControllerTest" time="0.003"/>
  <testcase name="postParameterAdd2" classname="com.ontariotechu.sofe3980U.BinaryControllerTest" time="0.004"/>
  <testcase name="postParameterAdd3" classname="com.ontariotechu.sofe3980U.BinaryControllerTest" time="0.004"/>
  <testcase name="postParameterAdd4" classname="com.ontariotechu.sofe3980U.BinaryControllerTest" time="0.003"/>
  <testcase name="postParameterAdd5" classname="com.ontariotechu.sofe3980U.BinaryControllerTest" time="0.003"/>
  <testcase name="postParameterAnd1" classname="com.ontariotechu.sofe3980U.BinaryControllerTest" time="0.003"/>
  <testcase name="postParameterAnd2" classname="com.ontariotechu.sofe3980U.BinaryControllerTest" time="0.002"/>
  <testcase name="postParameterAnd3" classname="com.ontariotechu.sofe3980U.BinaryControllerTest" time="0.002"/>
  <testcase name="postParameterAnd4" classname="com.ontariotechu.sofe3980U.BinaryControllerTest" time="0.003"/>
  <testcase name="postParameterAnd5" classname="com.ontariotechu.sofe3980U.BinaryControllerTest" time="0.002"/>
  <testcase name="getParameter1" classname="com.ontariotechu.sofe3980U.BinaryControllerTest" time="0.003"/>
  <testcase name="getParameter2" classname="com.ontariotechu.sofe3980U.BinaryControllerTest" time="0.002"/>
  <testcase name="getParameter3" classname="com.ontariotechu.sofe3980U.BinaryControllerTest" time="0.004"/>
  <testcase name="getParameter4" classname="com.ontariotechu.sofe3980U.BinaryControllerTest" time="0.004"/>
  <testcase name="getParameter5" classname="com.ontariotechu.sofe3980U.BinaryControllerTest" time="0.004"/>
  <testcase name="getParameter6" classname="com.ontariotechu.sofe3980U.BinaryControllerTest" time="0.003"/>
</testsuite>